[2026-01-19T15:28:00.858+0000] {local_task_job_runner.py:120} INFO - ::group::Pre task execution logs
[2026-01-19T15:28:00.900+0000] {taskinstance.py:2076} INFO - Dependencies all met for dep_context=non-requeueable deps ti=<TaskInstance: docker_calculater_every_minute.run_calculater_container scheduled__2026-01-19T15:27:00+00:00 [queued]>
[2026-01-19T15:28:00.921+0000] {taskinstance.py:2076} INFO - Dependencies all met for dep_context=requeueable deps ti=<TaskInstance: docker_calculater_every_minute.run_calculater_container scheduled__2026-01-19T15:27:00+00:00 [queued]>
[2026-01-19T15:28:00.922+0000] {taskinstance.py:2306} INFO - Starting attempt 1 of 1
[2026-01-19T15:28:00.957+0000] {taskinstance.py:2330} INFO - Executing <Task(DockerOperator): run_calculater_container> on 2026-01-19 15:27:00+00:00
[2026-01-19T15:28:00.976+0000] {warnings.py:112} WARNING - /home/***/.local/lib/python3.12/site-packages/***/task/task_runner/standard_task_runner.py:61: DeprecationWarning: This process (pid=74) is multi-threaded, use of fork() may lead to deadlocks in the child.
  pid = os.fork()

[2026-01-19T15:28:00.984+0000] {standard_task_runner.py:90} INFO - Running: ['***', 'tasks', 'run', 'docker_calculater_every_minute', 'run_calculater_container', 'scheduled__2026-01-19T15:27:00+00:00', '--job-id', '277', '--raw', '--subdir', 'DAGS_FOLDER/report_project/report_dag.py', '--cfg-path', '/tmp/tmpbsqhhgds']
[2026-01-19T15:28:00.987+0000] {standard_task_runner.py:63} INFO - Started process 75 to run task
[2026-01-19T15:28:00.989+0000] {standard_task_runner.py:91} INFO - Job 277: Subtask run_calculater_container
[2026-01-19T15:28:01.157+0000] {task_command.py:426} INFO - Running <TaskInstance: docker_calculater_every_minute.run_calculater_container scheduled__2026-01-19T15:27:00+00:00 [running]> on host b1c5b70b0097
[2026-01-19T15:28:01.312+0000] {taskinstance.py:2648} INFO - Exporting env vars: AIRFLOW_CTX_DAG_OWNER='***' AIRFLOW_CTX_DAG_ID='docker_calculater_every_minute' AIRFLOW_CTX_TASK_ID='run_calculater_container' AIRFLOW_CTX_EXECUTION_DATE='2026-01-19T15:27:00+00:00' AIRFLOW_CTX_TRY_NUMBER='1' AIRFLOW_CTX_DAG_RUN_ID='scheduled__2026-01-19T15:27:00+00:00'
[2026-01-19T15:28:01.314+0000] {taskinstance.py:430} INFO - ::endgroup::
[2026-01-19T15:28:01.377+0000] {docker.py:366} INFO - Starting docker container from image calculater:latest
[2026-01-19T15:28:01.387+0000] {taskinstance.py:441} INFO - ::group::Post task execution logs
[2026-01-19T15:28:01.388+0000] {taskinstance.py:2905} ERROR - Task failed with exception
Traceback (most recent call last):
  File "/home/airflow/.local/lib/python3.12/site-packages/docker/api/client.py", line 275, in _raise_for_status
    response.raise_for_status()
  File "/home/airflow/.local/lib/python3.12/site-packages/requests/models.py", line 1021, in raise_for_status
    raise HTTPError(http_error_msg, response=self)
requests.exceptions.HTTPError: 400 Client Error: Bad Request for url: http+docker://localhost/v1.52/containers/create

The above exception was the direct cause of the following exception:

Traceback (most recent call last):
  File "/home/airflow/.local/lib/python3.12/site-packages/airflow/models/taskinstance.py", line 465, in _execute_task
    result = _execute_callable(context=context, **execute_callable_kwargs)
             ^^^^^^^^^^^^^^^^^^^^^^^^^^^^^^^^^^^^^^^^^^^^^^^^^^^^^^^^^^^^^
  File "/home/airflow/.local/lib/python3.12/site-packages/airflow/models/taskinstance.py", line 432, in _execute_callable
    return execute_callable(context=context, **execute_callable_kwargs)
           ^^^^^^^^^^^^^^^^^^^^^^^^^^^^^^^^^^^^^^^^^^^^^^^^^^^^^^^^^^^^
  File "/home/airflow/.local/lib/python3.12/site-packages/airflow/models/baseoperator.py", line 401, in wrapper
    return func(self, *args, **kwargs)
           ^^^^^^^^^^^^^^^^^^^^^^^^^^^
  File "/home/airflow/.local/lib/python3.12/site-packages/airflow/providers/docker/operators/docker.py", line 509, in execute
    return self._run_image()
           ^^^^^^^^^^^^^^^^^
  File "/home/airflow/.local/lib/python3.12/site-packages/airflow/providers/docker/operators/docker.py", line 371, in _run_image
    return self._run_image_with_mounts([*self.mounts, tmp_mount], add_tmp_variable=True)
           ^^^^^^^^^^^^^^^^^^^^^^^^^^^^^^^^^^^^^^^^^^^^^^^^^^^^^^^^^^^^^^^^^^^^^^^^^^^^^
  File "/home/airflow/.local/lib/python3.12/site-packages/airflow/providers/docker/operators/docker.py", line 398, in _run_image_with_mounts
    self.container = self.cli.create_container(
                     ^^^^^^^^^^^^^^^^^^^^^^^^^^
  File "/home/airflow/.local/lib/python3.12/site-packages/docker/api/container.py", line 440, in create_container
    return self.create_container_from_config(config, name, platform)
           ^^^^^^^^^^^^^^^^^^^^^^^^^^^^^^^^^^^^^^^^^^^^^^^^^^^^^^^^^
  File "/home/airflow/.local/lib/python3.12/site-packages/docker/api/container.py", line 457, in create_container_from_config
    return self._result(res, True)
           ^^^^^^^^^^^^^^^^^^^^^^^
  File "/home/airflow/.local/lib/python3.12/site-packages/docker/api/client.py", line 281, in _result
    self._raise_for_status(response)
  File "/home/airflow/.local/lib/python3.12/site-packages/docker/api/client.py", line 277, in _raise_for_status
    raise create_api_error_from_http_exception(e) from e
          ^^^^^^^^^^^^^^^^^^^^^^^^^^^^^^^^^^^^^^^
  File "/home/airflow/.local/lib/python3.12/site-packages/docker/errors.py", line 39, in create_api_error_from_http_exception
    raise cls(e, response=response, explanation=explanation) from e
docker.errors.APIError: 400 Client Error for http+docker://localhost/v1.52/containers/create: Bad Request ("invalid mount config for type "bind": bind source path does not exist: /opt/airflow/data")
[2026-01-19T15:28:01.405+0000] {taskinstance.py:1206} INFO - Marking task as FAILED. dag_id=docker_calculater_every_minute, task_id=run_calculater_container, run_id=scheduled__2026-01-19T15:27:00+00:00, execution_date=20260119T152700, start_date=20260119T152800, end_date=20260119T152801
[2026-01-19T15:28:01.424+0000] {standard_task_runner.py:110} ERROR - Failed to execute job 277 for task run_calculater_container (400 Client Error for http+docker://localhost/v1.52/containers/create: Bad Request ("invalid mount config for type "bind": bind source path does not exist: /opt/airflow/data"); 75)
[2026-01-19T15:28:01.449+0000] {local_task_job_runner.py:240} INFO - Task exited with return code 1
[2026-01-19T15:28:01.473+0000] {taskinstance.py:3503} INFO - 0 downstream tasks scheduled from follow-on schedule check
[2026-01-19T15:28:01.476+0000] {local_task_job_runner.py:222} INFO - ::endgroup::
