[2026-01-10T06:26:03.659+0000] {local_task_job_runner.py:120} INFO - ::group::Pre task execution logs
[2026-01-10T06:26:03.694+0000] {taskinstance.py:2076} INFO - Dependencies all met for dep_context=non-requeueable deps ti=<TaskInstance: refined_report_workflow.generate_task_1 scheduled__2026-01-10T06:20:00+00:00 [queued]>
[2026-01-10T06:26:03.707+0000] {taskinstance.py:2076} INFO - Dependencies all met for dep_context=requeueable deps ti=<TaskInstance: refined_report_workflow.generate_task_1 scheduled__2026-01-10T06:20:00+00:00 [queued]>
[2026-01-10T06:26:03.717+0000] {taskinstance.py:2306} INFO - Starting attempt 2 of 2
[2026-01-10T06:26:03.748+0000] {taskinstance.py:2330} INFO - Executing <Task(PythonOperator): generate_task_1> on 2026-01-10 06:20:00+00:00
[2026-01-10T06:26:03.758+0000] {warnings.py:112} WARNING - /home/***/.local/lib/python3.12/site-packages/***/task/task_runner/standard_task_runner.py:61: DeprecationWarning: This process (pid=159) is multi-threaded, use of fork() may lead to deadlocks in the child.
  pid = os.fork()

[2026-01-10T06:26:03.763+0000] {standard_task_runner.py:63} INFO - Started process 160 to run task
[2026-01-10T06:26:03.762+0000] {standard_task_runner.py:90} INFO - Running: ['***', 'tasks', 'run', 'refined_report_workflow', 'generate_task_1', 'scheduled__2026-01-10T06:20:00+00:00', '--job-id', '76', '--raw', '--subdir', 'DAGS_FOLDER/report_project/report_dag.py', '--cfg-path', '/tmp/tmpkqd2yohb']
[2026-01-10T06:26:03.765+0000] {standard_task_runner.py:91} INFO - Job 76: Subtask generate_task_1
[2026-01-10T06:26:03.891+0000] {task_command.py:426} INFO - Running <TaskInstance: refined_report_workflow.generate_task_1 scheduled__2026-01-10T06:20:00+00:00 [running]> on host 2b18044bbdc6
[2026-01-10T06:26:04.029+0000] {taskinstance.py:2648} INFO - Exporting env vars: AIRFLOW_CTX_DAG_OWNER='data_team' AIRFLOW_CTX_DAG_ID='refined_report_workflow' AIRFLOW_CTX_TASK_ID='generate_task_1' AIRFLOW_CTX_EXECUTION_DATE='2026-01-10T06:20:00+00:00' AIRFLOW_CTX_TRY_NUMBER='2' AIRFLOW_CTX_DAG_RUN_ID='scheduled__2026-01-10T06:20:00+00:00'
[2026-01-10T06:26:04.031+0000] {taskinstance.py:430} INFO - ::endgroup::
[2026-01-10T06:26:04.053+0000] {taskinstance.py:441} INFO - ::group::Post task execution logs
[2026-01-10T06:26:04.054+0000] {taskinstance.py:2905} ERROR - Task failed with exception
Traceback (most recent call last):
  File "/home/airflow/.local/lib/python3.12/site-packages/airflow/models/taskinstance.py", line 465, in _execute_task
    result = _execute_callable(context=context, **execute_callable_kwargs)
             ^^^^^^^^^^^^^^^^^^^^^^^^^^^^^^^^^^^^^^^^^^^^^^^^^^^^^^^^^^^^^
  File "/home/airflow/.local/lib/python3.12/site-packages/airflow/models/taskinstance.py", line 432, in _execute_callable
    return execute_callable(context=context, **execute_callable_kwargs)
           ^^^^^^^^^^^^^^^^^^^^^^^^^^^^^^^^^^^^^^^^^^^^^^^^^^^^^^^^^^^^
  File "/home/airflow/.local/lib/python3.12/site-packages/airflow/models/baseoperator.py", line 401, in wrapper
    return func(self, *args, **kwargs)
           ^^^^^^^^^^^^^^^^^^^^^^^^^^^
  File "/home/airflow/.local/lib/python3.12/site-packages/airflow/operators/python.py", line 235, in execute
    return_value = self.execute_callable()
                   ^^^^^^^^^^^^^^^^^^^^^^^
  File "/home/airflow/.local/lib/python3.12/site-packages/airflow/operators/python.py", line 252, in execute_callable
    return self.python_callable(*self.op_args, **self.op_kwargs)
           ^^^^^^^^^^^^^^^^^^^^^^^^^^^^^^^^^^^^^^^^^^^^^^^^^^^^^
  File "/opt/airflow/dags/report_project/scripts/csv_generator.py", line 12, in generate_csv_report
    time_stamp = execution_date.strftime("%Y%m%d_%H%M%S")
                 ^^^^^^^^^^^^^^^^^^^^^^^
AttributeError: 'str' object has no attribute 'strftime'
[2026-01-10T06:26:04.085+0000] {taskinstance.py:1206} INFO - Marking task as FAILED. dag_id=refined_report_workflow, task_id=generate_task_1, run_id=scheduled__2026-01-10T06:20:00+00:00, execution_date=20260110T062000, start_date=20260110T062603, end_date=20260110T062604
[2026-01-10T06:26:04.109+0000] {standard_task_runner.py:110} ERROR - Failed to execute job 76 for task generate_task_1 ('str' object has no attribute 'strftime'; 160)
[2026-01-10T06:26:04.142+0000] {local_task_job_runner.py:240} INFO - Task exited with return code 1
[2026-01-10T06:26:04.213+0000] {taskinstance.py:3503} INFO - 0 downstream tasks scheduled from follow-on schedule check
[2026-01-10T06:26:04.225+0000] {local_task_job_runner.py:222} INFO - ::endgroup::
