[2026-01-19T15:53:22.819+0000] {local_task_job_runner.py:120} INFO - ::group::Pre task execution logs
[2026-01-19T15:53:22.858+0000] {taskinstance.py:2076} INFO - Dependencies all met for dep_context=non-requeueable deps ti=<TaskInstance: docker_calculater_test.hello_world_container manual__2026-01-19T15:53:21.488887+00:00 [queued]>
[2026-01-19T15:53:22.866+0000] {taskinstance.py:2076} INFO - Dependencies all met for dep_context=requeueable deps ti=<TaskInstance: docker_calculater_test.hello_world_container manual__2026-01-19T15:53:21.488887+00:00 [queued]>
[2026-01-19T15:53:22.868+0000] {taskinstance.py:2306} INFO - Starting attempt 1 of 1
[2026-01-19T15:53:22.886+0000] {taskinstance.py:2330} INFO - Executing <Task(DockerOperator): hello_world_container> on 2026-01-19 15:53:21.488887+00:00
[2026-01-19T15:53:22.895+0000] {warnings.py:112} WARNING - /home/***/.local/lib/python3.12/site-packages/***/task/task_runner/standard_task_runner.py:61: DeprecationWarning: This process (pid=72) is multi-threaded, use of fork() may lead to deadlocks in the child.
  pid = os.fork()

[2026-01-19T15:53:22.897+0000] {standard_task_runner.py:63} INFO - Started process 73 to run task
[2026-01-19T15:53:22.897+0000] {standard_task_runner.py:90} INFO - Running: ['***', 'tasks', 'run', 'docker_calculater_test', 'hello_world_container', 'manual__2026-01-19T15:53:21.488887+00:00', '--job-id', '309', '--raw', '--subdir', 'DAGS_FOLDER/report_project/report_dag.py', '--cfg-path', '/tmp/tmpeg86s537']
[2026-01-19T15:53:22.899+0000] {standard_task_runner.py:91} INFO - Job 309: Subtask hello_world_container
[2026-01-19T15:53:22.989+0000] {task_command.py:426} INFO - Running <TaskInstance: docker_calculater_test.hello_world_container manual__2026-01-19T15:53:21.488887+00:00 [running]> on host aba8280b4df1
[2026-01-19T15:53:23.125+0000] {taskinstance.py:2648} INFO - Exporting env vars: AIRFLOW_CTX_DAG_OWNER='***' AIRFLOW_CTX_DAG_ID='docker_calculater_test' AIRFLOW_CTX_TASK_ID='hello_world_container' AIRFLOW_CTX_EXECUTION_DATE='2026-01-19T15:53:21.488887+00:00' AIRFLOW_CTX_TRY_NUMBER='1' AIRFLOW_CTX_DAG_RUN_ID='manual__2026-01-19T15:53:21.488887+00:00'
[2026-01-19T15:53:23.128+0000] {taskinstance.py:430} INFO - ::endgroup::
[2026-01-19T15:53:23.189+0000] {docker.py:493} INFO - Pulling docker image python:3.10-slim
[2026-01-19T15:53:26.648+0000] {docker.py:507} INFO - 3.10-slim: Pulling from library/python
[2026-01-19T15:53:27.432+0000] {docker.py:507} INFO - 119d43eec815: Already exists
[2026-01-19T15:53:27.443+0000] {docker.py:507} INFO - 47c2bec0e44b: Already exists
[2026-01-19T15:53:27.453+0000] {docker.py:507} INFO - af233a02f79e: Already exists
[2026-01-19T15:53:27.462+0000] {docker.py:507} INFO - ed8cfd59ed51: Already exists
[2026-01-19T15:53:28.564+0000] {docker.py:502} INFO - Digest: sha256:f5d029fe39146b08200bcc73595795ac19b85997ad0e5001a02c7c32e8769efa
[2026-01-19T15:53:28.569+0000] {docker.py:502} INFO - Status: Downloaded newer image for python:3.10-slim
[2026-01-19T15:53:28.574+0000] {docker.py:366} INFO - Starting docker container from image python:3.10-slim
[2026-01-19T15:53:28.587+0000] {taskinstance.py:441} INFO - ::group::Post task execution logs
[2026-01-19T15:53:28.588+0000] {taskinstance.py:2905} ERROR - Task failed with exception
Traceback (most recent call last):
  File "/home/airflow/.local/lib/python3.12/site-packages/docker/api/client.py", line 275, in _raise_for_status
    response.raise_for_status()
  File "/home/airflow/.local/lib/python3.12/site-packages/requests/models.py", line 1021, in raise_for_status
    raise HTTPError(http_error_msg, response=self)
requests.exceptions.HTTPError: 400 Client Error: Bad Request for url: http+docker://localhost/v1.52/containers/create

The above exception was the direct cause of the following exception:

Traceback (most recent call last):
  File "/home/airflow/.local/lib/python3.12/site-packages/airflow/models/taskinstance.py", line 465, in _execute_task
    result = _execute_callable(context=context, **execute_callable_kwargs)
             ^^^^^^^^^^^^^^^^^^^^^^^^^^^^^^^^^^^^^^^^^^^^^^^^^^^^^^^^^^^^^
  File "/home/airflow/.local/lib/python3.12/site-packages/airflow/models/taskinstance.py", line 432, in _execute_callable
    return execute_callable(context=context, **execute_callable_kwargs)
           ^^^^^^^^^^^^^^^^^^^^^^^^^^^^^^^^^^^^^^^^^^^^^^^^^^^^^^^^^^^^
  File "/home/airflow/.local/lib/python3.12/site-packages/airflow/models/baseoperator.py", line 401, in wrapper
    return func(self, *args, **kwargs)
           ^^^^^^^^^^^^^^^^^^^^^^^^^^^
  File "/home/airflow/.local/lib/python3.12/site-packages/airflow/providers/docker/operators/docker.py", line 509, in execute
    return self._run_image()
           ^^^^^^^^^^^^^^^^^
  File "/home/airflow/.local/lib/python3.12/site-packages/airflow/providers/docker/operators/docker.py", line 383, in _run_image
    return self._run_image_with_mounts(self.mounts, add_tmp_variable=False)
           ^^^^^^^^^^^^^^^^^^^^^^^^^^^^^^^^^^^^^^^^^^^^^^^^^^^^^^^^^^^^^^^^
  File "/home/airflow/.local/lib/python3.12/site-packages/airflow/providers/docker/operators/docker.py", line 398, in _run_image_with_mounts
    self.container = self.cli.create_container(
                     ^^^^^^^^^^^^^^^^^^^^^^^^^^
  File "/home/airflow/.local/lib/python3.12/site-packages/docker/api/container.py", line 440, in create_container
    return self.create_container_from_config(config, name, platform)
           ^^^^^^^^^^^^^^^^^^^^^^^^^^^^^^^^^^^^^^^^^^^^^^^^^^^^^^^^^
  File "/home/airflow/.local/lib/python3.12/site-packages/docker/api/container.py", line 457, in create_container_from_config
    return self._result(res, True)
           ^^^^^^^^^^^^^^^^^^^^^^^
  File "/home/airflow/.local/lib/python3.12/site-packages/docker/api/client.py", line 281, in _result
    self._raise_for_status(response)
  File "/home/airflow/.local/lib/python3.12/site-packages/docker/api/client.py", line 277, in _raise_for_status
    raise create_api_error_from_http_exception(e) from e
          ^^^^^^^^^^^^^^^^^^^^^^^^^^^^^^^^^^^^^^^
  File "/home/airflow/.local/lib/python3.12/site-packages/docker/errors.py", line 39, in create_api_error_from_http_exception
    raise cls(e, response=response, explanation=explanation) from e
docker.errors.APIError: 400 Client Error for http+docker://localhost/v1.52/containers/create: Bad Request ("invalid mount config for type "bind": bind source path does not exist: /opt/airflow/data")
[2026-01-19T15:53:28.608+0000] {taskinstance.py:1206} INFO - Marking task as FAILED. dag_id=docker_calculater_test, task_id=hello_world_container, run_id=manual__2026-01-19T15:53:21.488887+00:00, execution_date=20260119T155321, start_date=20260119T155322, end_date=20260119T155328
[2026-01-19T15:53:28.626+0000] {standard_task_runner.py:110} ERROR - Failed to execute job 309 for task hello_world_container (400 Client Error for http+docker://localhost/v1.52/containers/create: Bad Request ("invalid mount config for type "bind": bind source path does not exist: /opt/airflow/data"); 73)
[2026-01-19T15:53:28.644+0000] {local_task_job_runner.py:240} INFO - Task exited with return code 1
[2026-01-19T15:53:28.667+0000] {taskinstance.py:3503} INFO - 0 downstream tasks scheduled from follow-on schedule check
[2026-01-19T15:53:28.672+0000] {local_task_job_runner.py:222} INFO - ::endgroup::
