[2026-01-19T15:45:22.800+0000] {local_task_job_runner.py:120} INFO - ::group::Pre task execution logs
[2026-01-19T15:45:22.854+0000] {taskinstance.py:2076} INFO - Dependencies all met for dep_context=non-requeueable deps ti=<TaskInstance: docker_calculater_safe.run_calculater_container scheduled__2026-01-19T15:44:00+00:00 [queued]>
[2026-01-19T15:45:22.866+0000] {taskinstance.py:2076} INFO - Dependencies all met for dep_context=requeueable deps ti=<TaskInstance: docker_calculater_safe.run_calculater_container scheduled__2026-01-19T15:44:00+00:00 [queued]>
[2026-01-19T15:45:22.867+0000] {taskinstance.py:2306} INFO - Starting attempt 1 of 1
[2026-01-19T15:45:22.890+0000] {taskinstance.py:2330} INFO - Executing <Task(DockerOperator): run_calculater_container> on 2026-01-19 15:44:00+00:00
[2026-01-19T15:45:22.898+0000] {warnings.py:112} WARNING - /home/***/.local/lib/python3.12/site-packages/***/task/task_runner/standard_task_runner.py:61: DeprecationWarning: This process (pid=48) is multi-threaded, use of fork() may lead to deadlocks in the child.
  pid = os.fork()

[2026-01-19T15:45:22.902+0000] {standard_task_runner.py:63} INFO - Started process 49 to run task
[2026-01-19T15:45:22.901+0000] {standard_task_runner.py:90} INFO - Running: ['***', 'tasks', 'run', 'docker_calculater_safe', 'run_calculater_container', 'scheduled__2026-01-19T15:44:00+00:00', '--job-id', '297', '--raw', '--subdir', 'DAGS_FOLDER/report_project/report_dag.py', '--cfg-path', '/tmp/tmpopbdvkns']
[2026-01-19T15:45:22.904+0000] {standard_task_runner.py:91} INFO - Job 297: Subtask run_calculater_container
[2026-01-19T15:45:23.002+0000] {task_command.py:426} INFO - Running <TaskInstance: docker_calculater_safe.run_calculater_container scheduled__2026-01-19T15:44:00+00:00 [running]> on host aba8280b4df1
[2026-01-19T15:45:23.137+0000] {taskinstance.py:2648} INFO - Exporting env vars: AIRFLOW_CTX_DAG_OWNER='***' AIRFLOW_CTX_DAG_ID='docker_calculater_safe' AIRFLOW_CTX_TASK_ID='run_calculater_container' AIRFLOW_CTX_EXECUTION_DATE='2026-01-19T15:44:00+00:00' AIRFLOW_CTX_TRY_NUMBER='1' AIRFLOW_CTX_DAG_RUN_ID='scheduled__2026-01-19T15:44:00+00:00'
[2026-01-19T15:45:23.139+0000] {taskinstance.py:430} INFO - ::endgroup::
[2026-01-19T15:45:23.223+0000] {docker.py:366} INFO - Starting docker container from image calculater:latest
[2026-01-19T15:45:23.234+0000] {taskinstance.py:441} INFO - ::group::Post task execution logs
[2026-01-19T15:45:23.235+0000] {taskinstance.py:2905} ERROR - Task failed with exception
Traceback (most recent call last):
  File "/home/airflow/.local/lib/python3.12/site-packages/docker/api/client.py", line 275, in _raise_for_status
    response.raise_for_status()
  File "/home/airflow/.local/lib/python3.12/site-packages/requests/models.py", line 1021, in raise_for_status
    raise HTTPError(http_error_msg, response=self)
requests.exceptions.HTTPError: 400 Client Error: Bad Request for url: http+docker://localhost/v1.52/containers/create

The above exception was the direct cause of the following exception:

Traceback (most recent call last):
  File "/home/airflow/.local/lib/python3.12/site-packages/airflow/models/taskinstance.py", line 465, in _execute_task
    result = _execute_callable(context=context, **execute_callable_kwargs)
             ^^^^^^^^^^^^^^^^^^^^^^^^^^^^^^^^^^^^^^^^^^^^^^^^^^^^^^^^^^^^^
  File "/home/airflow/.local/lib/python3.12/site-packages/airflow/models/taskinstance.py", line 432, in _execute_callable
    return execute_callable(context=context, **execute_callable_kwargs)
           ^^^^^^^^^^^^^^^^^^^^^^^^^^^^^^^^^^^^^^^^^^^^^^^^^^^^^^^^^^^^
  File "/home/airflow/.local/lib/python3.12/site-packages/airflow/models/baseoperator.py", line 401, in wrapper
    return func(self, *args, **kwargs)
           ^^^^^^^^^^^^^^^^^^^^^^^^^^^
  File "/home/airflow/.local/lib/python3.12/site-packages/airflow/providers/docker/operators/docker.py", line 509, in execute
    return self._run_image()
           ^^^^^^^^^^^^^^^^^
  File "/home/airflow/.local/lib/python3.12/site-packages/airflow/providers/docker/operators/docker.py", line 383, in _run_image
    return self._run_image_with_mounts(self.mounts, add_tmp_variable=False)
           ^^^^^^^^^^^^^^^^^^^^^^^^^^^^^^^^^^^^^^^^^^^^^^^^^^^^^^^^^^^^^^^^
  File "/home/airflow/.local/lib/python3.12/site-packages/airflow/providers/docker/operators/docker.py", line 398, in _run_image_with_mounts
    self.container = self.cli.create_container(
                     ^^^^^^^^^^^^^^^^^^^^^^^^^^
  File "/home/airflow/.local/lib/python3.12/site-packages/docker/api/container.py", line 440, in create_container
    return self.create_container_from_config(config, name, platform)
           ^^^^^^^^^^^^^^^^^^^^^^^^^^^^^^^^^^^^^^^^^^^^^^^^^^^^^^^^^
  File "/home/airflow/.local/lib/python3.12/site-packages/docker/api/container.py", line 457, in create_container_from_config
    return self._result(res, True)
           ^^^^^^^^^^^^^^^^^^^^^^^
  File "/home/airflow/.local/lib/python3.12/site-packages/docker/api/client.py", line 281, in _result
    self._raise_for_status(response)
  File "/home/airflow/.local/lib/python3.12/site-packages/docker/api/client.py", line 277, in _raise_for_status
    raise create_api_error_from_http_exception(e) from e
          ^^^^^^^^^^^^^^^^^^^^^^^^^^^^^^^^^^^^^^^
  File "/home/airflow/.local/lib/python3.12/site-packages/docker/errors.py", line 39, in create_api_error_from_http_exception
    raise cls(e, response=response, explanation=explanation) from e
docker.errors.APIError: 400 Client Error for http+docker://localhost/v1.52/containers/create: Bad Request ("invalid mount config for type "bind": bind source path does not exist: /opt/airflow/data")
[2026-01-19T15:45:23.254+0000] {taskinstance.py:1206} INFO - Marking task as FAILED. dag_id=docker_calculater_safe, task_id=run_calculater_container, run_id=scheduled__2026-01-19T15:44:00+00:00, execution_date=20260119T154400, start_date=20260119T154522, end_date=20260119T154523
[2026-01-19T15:45:23.269+0000] {standard_task_runner.py:110} ERROR - Failed to execute job 297 for task run_calculater_container (400 Client Error for http+docker://localhost/v1.52/containers/create: Bad Request ("invalid mount config for type "bind": bind source path does not exist: /opt/airflow/data"); 49)
[2026-01-19T15:45:23.320+0000] {local_task_job_runner.py:240} INFO - Task exited with return code 1
[2026-01-19T15:45:23.345+0000] {taskinstance.py:3503} INFO - 0 downstream tasks scheduled from follow-on schedule check
[2026-01-19T15:45:23.348+0000] {local_task_job_runner.py:222} INFO - ::endgroup::
