[2026-01-10T05:12:04.250+0000] {local_task_job_runner.py:120} INFO - ::group::Pre task execution logs
[2026-01-10T05:12:04.283+0000] {taskinstance.py:2076} INFO - Dependencies all met for dep_context=non-requeueable deps ti=<TaskInstance: random_csv_report_dag.generate_random_csv_report scheduled__2026-01-10T05:09:00+00:00 [queued]>
[2026-01-10T05:12:04.295+0000] {taskinstance.py:2076} INFO - Dependencies all met for dep_context=requeueable deps ti=<TaskInstance: random_csv_report_dag.generate_random_csv_report scheduled__2026-01-10T05:09:00+00:00 [queued]>
[2026-01-10T05:12:04.296+0000] {taskinstance.py:2306} INFO - Starting attempt 3 of 3
[2026-01-10T05:12:04.316+0000] {taskinstance.py:2330} INFO - Executing <Task(PythonOperator): generate_random_csv_report> on 2026-01-10 05:09:00+00:00
[2026-01-10T05:12:04.323+0000] {warnings.py:112} WARNING - /home/***/.local/lib/python3.12/site-packages/***/task/task_runner/standard_task_runner.py:61: DeprecationWarning: This process (pid=75) is multi-threaded, use of fork() may lead to deadlocks in the child.
  pid = os.fork()

[2026-01-10T05:12:04.325+0000] {standard_task_runner.py:63} INFO - Started process 76 to run task
[2026-01-10T05:12:04.326+0000] {standard_task_runner.py:90} INFO - Running: ['***', 'tasks', 'run', 'random_csv_report_dag', 'generate_random_csv_report', 'scheduled__2026-01-10T05:09:00+00:00', '--job-id', '17', '--raw', '--subdir', 'DAGS_FOLDER/dag.py', '--cfg-path', '/tmp/tmplrghxhuc']
[2026-01-10T05:12:04.327+0000] {standard_task_runner.py:91} INFO - Job 17: Subtask generate_random_csv_report
[2026-01-10T05:12:04.417+0000] {task_command.py:426} INFO - Running <TaskInstance: random_csv_report_dag.generate_random_csv_report scheduled__2026-01-10T05:09:00+00:00 [running]> on host 5be39eba1e5b
[2026-01-10T05:12:04.584+0000] {taskinstance.py:2648} INFO - Exporting env vars: AIRFLOW_CTX_DAG_OWNER='***' AIRFLOW_CTX_DAG_ID='random_csv_report_dag' AIRFLOW_CTX_TASK_ID='generate_random_csv_report' AIRFLOW_CTX_EXECUTION_DATE='2026-01-10T05:09:00+00:00' AIRFLOW_CTX_TRY_NUMBER='3' AIRFLOW_CTX_DAG_RUN_ID='scheduled__2026-01-10T05:09:00+00:00'
[2026-01-10T05:12:04.587+0000] {taskinstance.py:430} INFO - ::endgroup::
[2026-01-10T05:12:04.615+0000] {taskinstance.py:441} INFO - ::group::Post task execution logs
[2026-01-10T05:12:04.616+0000] {taskinstance.py:2905} ERROR - Task failed with exception
Traceback (most recent call last):
  File "/home/airflow/.local/lib/python3.12/site-packages/airflow/models/taskinstance.py", line 465, in _execute_task
    result = _execute_callable(context=context, **execute_callable_kwargs)
             ^^^^^^^^^^^^^^^^^^^^^^^^^^^^^^^^^^^^^^^^^^^^^^^^^^^^^^^^^^^^^
  File "/home/airflow/.local/lib/python3.12/site-packages/airflow/models/taskinstance.py", line 432, in _execute_callable
    return execute_callable(context=context, **execute_callable_kwargs)
           ^^^^^^^^^^^^^^^^^^^^^^^^^^^^^^^^^^^^^^^^^^^^^^^^^^^^^^^^^^^^
  File "/home/airflow/.local/lib/python3.12/site-packages/airflow/models/baseoperator.py", line 401, in wrapper
    return func(self, *args, **kwargs)
           ^^^^^^^^^^^^^^^^^^^^^^^^^^^
  File "/home/airflow/.local/lib/python3.12/site-packages/airflow/operators/python.py", line 235, in execute
    return_value = self.execute_callable()
                   ^^^^^^^^^^^^^^^^^^^^^^^
  File "/home/airflow/.local/lib/python3.12/site-packages/airflow/operators/python.py", line 252, in execute_callable
    return self.python_callable(*self.op_args, **self.op_kwargs)
           ^^^^^^^^^^^^^^^^^^^^^^^^^^^^^^^^^^^^^^^^^^^^^^^^^^^^^
  File "/opt/airflow/dags/dag.py", line 12, in generate_csv_report
    with open(output_path, mode="w", newline="", encoding="utf-8") as f:
         ^^^^^^^^^^^^^^^^^^^^^^^^^^^^^^^^^^^^^^^^^^^^^^^^^^^^^^^^^
PermissionError: [Errno 13] Permission denied: '/random_report.csv'
[2026-01-10T05:12:04.643+0000] {taskinstance.py:1206} INFO - Marking task as FAILED. dag_id=random_csv_report_dag, task_id=generate_random_csv_report, run_id=scheduled__2026-01-10T05:09:00+00:00, execution_date=20260110T050900, start_date=20260110T051204, end_date=20260110T051204
[2026-01-10T05:12:04.663+0000] {standard_task_runner.py:110} ERROR - Failed to execute job 17 for task generate_random_csv_report ([Errno 13] Permission denied: '/random_report.csv'; 76)
[2026-01-10T05:12:04.702+0000] {local_task_job_runner.py:240} INFO - Task exited with return code 1
[2026-01-10T05:12:04.732+0000] {taskinstance.py:3503} INFO - 0 downstream tasks scheduled from follow-on schedule check
[2026-01-10T05:12:04.735+0000] {local_task_job_runner.py:222} INFO - ::endgroup::
